[- ATTACK DETAILS FOR function now() { [native code] } -]
 --> Detective: 404
 --> Request: GET /
 --> IP: 127.0.0.1
[- END ATTACK DETAILS -]

[- ATTACK DETAILS FOR function now() { [native code] } -]
 --> Detective: 404
 --> Request: GET /styles/screen.css
 --> IP: 127.0.0.1
[- END ATTACK DETAILS -]

[- ATTACK DETAILS FOR function now() { [native code] } -]
 --> Detective: 404
 --> Request: GET /styles/styles.css
 --> IP: 127.0.0.1
[- END ATTACK DETAILS -]

[- ATTACK DETAILS FOR function now() { [native code] } -]
 --> Detective: 404
 --> Request: GET /styles/menu.css
 --> IP: 127.0.0.1
[- END ATTACK DETAILS -]

[- ATTACK DETAILS FOR function now() { [native code] } -]
 --> Detective: 404
 --> Request: GET /styles/ui.css
 --> IP: 127.0.0.1
[- END ATTACK DETAILS -]

[- ATTACK DETAILS FOR function now() { [native code] } -]
 --> Detective: 404
 --> Request: GET /styles/jquery-ui-1.10.2.custom.css
 --> IP: 127.0.0.1
[- END ATTACK DETAILS -]

[- ATTACK DETAILS FOR function now() { [native code] } -]
 --> Detective: 404
 --> Request: GET /styles/pages/home.css
 --> IP: 127.0.0.1
[- END ATTACK DETAILS -]

[- ATTACK DETAILS FOR function now() { [native code] } -]
 --> Detective: 404
 --> Request: GET /
 --> IP: 127.0.0.1
[- END ATTACK DETAILS -]

[- ATTACK DETAILS FOR function now() { [native code] } -]
 --> Detective: 404
 --> Request: GET /about/
 --> IP: 127.0.0.1
[- END ATTACK DETAILS -]

[- ATTACK DETAILS FOR function now() { [native code] } -]
 --> Detective: 404
 --> Request: GET /
 --> IP: 127.0.0.1
[- END ATTACK DETAILS -]

[- ATTACK DETAILS FOR function now() { [native code] } -]
 --> Detective: 404
 --> Request: GET /
 --> IP: 127.0.0.1
[- END ATTACK DETAILS -]

[- ATTACK DETAILS FOR function now() { [native code] } -]
 --> Detective: [object Object]
 --> Request: GET /
 --> IP: 127.0.0.1
[- END ATTACK DETAILS -]

[- ATTACK DETAILS FOR function now() { [native code] } -]
 --> Detective: [object Object]
 --> Request: GET /
 --> IP: 127.0.0.1
[- END ATTACK DETAILS -]

[- ATTACK DETAILS FOR function now() { [native code] } -]
 --> Detective: 404
 --> Request: GET /
 --> IP: 127.0.0.1
[- END ATTACK DETAILS -]

[- ATTACK DETAILS FOR function now() { [native code] } -]
 --> Detective: 404
 --> Request: GET /
 --> IP: 127.0.0.1
[- END ATTACK DETAILS -]

[- ATTACK DETAILS FOR function now() { [native code] } -]
 --> Detective: 404
 --> Request: GET /
 --> IP: 127.0.0.1
[- END ATTACK DETAILS -]

[- ATTACK DETAILS FOR function now() { [native code] } -]
 --> Detective: 404
 --> Request: GET /
 --> IP: 127.0.0.1
[- END ATTACK DETAILS -]

[- ATTACK DETAILS FOR function now() { [native code] } -]
 --> Detective: 404
 --> Request: GET /gallery/
 --> IP: 127.0.0.1
[- END ATTACK DETAILS -]

[- ATTACK DETAILS FOR function now() { [native code] } -]
 --> Detective: 404
 --> Request: GET /
 --> IP: 127.0.0.1
[- END ATTACK DETAILS -]

[- ATTACK DETAILS FOR function now() { [native code] } -]
 --> Detective: 404
 --> Request: GET /
 --> IP: 127.0.0.1
[- END ATTACK DETAILS -]

[- ATTACK DETAILS FOR function now() { [native code] } -]
 --> Detective: [object Object]
 --> Request: GET /
 --> IP: 127.0.0.1
[- END ATTACK DETAILS -]

[- ATTACK DETAILS FOR function now() { [native code] } -]
 --> Detective: [object Object]
 --> Request: GET /
 --> IP: 127.0.0.1
[- END ATTACK DETAILS -]

[- ATTACK DETAILS FOR function now() { [native code] } -]
 --> Detective: [object Object]
 --> Request: GET /
 --> IP: 127.0.0.1
[- END ATTACK DETAILS -]

[- ATTACK DETAILS FOR function now() { [native code] } -]
 --> Detective: [object Object]
 --> Request: GET /
 --> IP: 127.0.0.1
[- END ATTACK DETAILS -]

[- ATTACK DETAILS FOR function now() { [native code] } -]
 --> Detective: [object Object]
 --> Request: GET /
 --> IP: 127.0.0.1
[- END ATTACK DETAILS -]

[- ATTACK DETAILS FOR function now() { [native code] } -]
 --> Detective: [object Object]
 --> Request: GET /
 --> IP: 127.0.0.1
[- END ATTACK DETAILS -]

